* using log directory ‘/Data1/ryan/Documents/Thesis/Thesis/Model/ryThesis.Rcheck’
* using R version 3.0.2 (2013-09-25)
* using platform: x86_64-pc-linux-gnu (64-bit)
* using session charset: UTF-8
* checking for file ‘ryThesis/DESCRIPTION’ ... OK
* checking extension type ... Package
* this is package ‘ryThesis’ version ‘1.0.0’
* checking package namespace information ... OK
* checking package dependencies ... OK
* checking if this is a source package ... OK
* checking if there is a namespace ... OK
* checking for executable files ... OK
* checking for hidden files and directories ... NOTE
Found the following hidden files and directories:
  R/.#Execute_Rand_Model.r
  R/.Rhistory
These were most likely included in error. See section ‘Package
structure’ in the ‘Writing R Extensions’ manual.
* checking for portable file names ... OK
* checking for sufficient/correct file permissions ... OK
* checking whether package ‘ryThesis’ can be installed ... ERROR
Installation failed.
See ‘/Data1/ryan/Documents/Thesis/Thesis/Model/ryThesis.Rcheck/00install.out’ for details.
